<?xml version="1.0" encoding="UTF-8" ?>
<testsuite tests="4" failures="0" name="com.eval.adcampaign.persistence.AdCampaignInMemoryFileTest" time="0.191" errors="0" skipped="0">
  <properties>
    <property name="java.runtime.name" value="Java(TM) SE Runtime Environment"/>
    <property name="sun.boot.library.path" value="C:\Devlopment\Java\jdk1.8.0_92\jre\bin"/>
    <property name="java.vm.version" value="25.92-b14"/>
    <property name="java.vm.vendor" value="Oracle Corporation"/>
    <property name="maven.multiModuleProjectDirectory" value="C:\Devlopment\Workspace\AdCampaign\AdCampaign"/>
    <property name="java.vendor.url" value="http://java.oracle.com/"/>
    <property name="path.separator" value=";"/>
    <property name="guice.disable.misplaced.annotation.check" value="true"/>
    <property name="java.vm.name" value="Java HotSpot(TM) 64-Bit Server VM"/>
    <property name="file.encoding.pkg" value="sun.io"/>
    <property name="user.script" value=""/>
    <property name="user.country" value="US"/>
    <property name="sun.java.launcher" value="SUN_STANDARD"/>
    <property name="sun.os.patch.level" value=""/>
    <property name="java.vm.specification.name" value="Java Virtual Machine Specification"/>
    <property name="user.dir" value="C:\Devlopment\Workspace\AdCampaign\AdCampaign"/>
    <property name="java.runtime.version" value="1.8.0_92-b14"/>
    <property name="java.awt.graphicsenv" value="sun.awt.Win32GraphicsEnvironment"/>
    <property name="java.endorsed.dirs" value="C:\Devlopment\Java\jdk1.8.0_92\jre\lib\endorsed"/>
    <property name="os.arch" value="amd64"/>
    <property name="java.io.tmpdir" value="C:\Users\Durga\AppData\Local\Temp\"/>
    <property name="line.separator" value="
"/>
    <property name="java.vm.specification.vendor" value="Oracle Corporation"/>
    <property name="user.variant" value=""/>
    <property name="os.name" value="Windows 7"/>
    <property name="classworlds.conf" value="C:\Devlopment\Workspace\AdCampaign\.metadata\.plugins\org.eclipse.m2e.launching\launches\m2conf1473476143604815661.tmp"/>
    <property name="sun.jnu.encoding" value="Cp1252"/>
    <property name="java.library.path" value="C:\Devlopment\Java\jdk1.8.0_92\bin;C:\Windows\Sun\Java\bin;C:\Windows\system32;C:\Windows;C:\ProgramData\Oracle\Java\javapath;C:\Program Files\Common Files\Microsoft Shared\Windows Live;C:\Program Files (x86)\Common Files\Microsoft Shared\Windows Live;C:\Windows\system32;C:\Windows;C:\Windows\System32\Wbem;C:\Windows\System32\WindowsPowerShell\v1.0\;C:\Program Files\Java\jdk1.6.0_35\bin;C:\Program Files (x86)\Windows Live\Shared;C:\Program Files\TortoiseGit\bin;C:\Program Files\Git\cmd;."/>
    <property name="java.specification.name" value="Java Platform API Specification"/>
    <property name="java.class.version" value="52.0"/>
    <property name="sun.management.compiler" value="HotSpot 64-Bit Tiered Compilers"/>
    <property name="os.version" value="6.1"/>
    <property name="user.home" value="C:\Users\Durga"/>
    <property name="user.timezone" value="America/New_York"/>
    <property name="java.awt.printerjob" value="sun.awt.windows.WPrinterJob"/>
    <property name="java.specification.version" value="1.8"/>
    <property name="file.encoding" value="Cp1252"/>
    <property name="user.name" value="Durga"/>
    <property name="java.class.path" value="/C:/Devlopment/eclipse/plugins/org.eclipse.m2e.maven.runtime_1.7.0.20160603-1931/jars/plexus-classworlds-2.5.2.jar"/>
    <property name="java.vm.specification.version" value="1.8"/>
    <property name="sun.arch.data.model" value="64"/>
    <property name="java.home" value="C:\Devlopment\Java\jdk1.8.0_92\jre"/>
    <property name="sun.java.command" value="org.codehaus.plexus.classworlds.launcher.Launcher -B clean package"/>
    <property name="java.specification.vendor" value="Oracle Corporation"/>
    <property name="user.language" value="en"/>
    <property name="awt.toolkit" value="sun.awt.windows.WToolkit"/>
    <property name="java.vm.info" value="mixed mode"/>
    <property name="java.version" value="1.8.0_92"/>
    <property name="java.ext.dirs" value="C:\Devlopment\Java\jdk1.8.0_92\jre\lib\ext;C:\Windows\Sun\Java\lib\ext"/>
    <property name="sun.boot.class.path" value="C:\Devlopment\Java\jdk1.8.0_92\jre\lib\resources.jar;C:\Devlopment\Java\jdk1.8.0_92\jre\lib\rt.jar;C:\Devlopment\Java\jdk1.8.0_92\jre\lib\sunrsasign.jar;C:\Devlopment\Java\jdk1.8.0_92\jre\lib\jsse.jar;C:\Devlopment\Java\jdk1.8.0_92\jre\lib\jce.jar;C:\Devlopment\Java\jdk1.8.0_92\jre\lib\charsets.jar;C:\Devlopment\Java\jdk1.8.0_92\jre\lib\jfr.jar;C:\Devlopment\Java\jdk1.8.0_92\jre\classes"/>
    <property name="java.vendor" value="Oracle Corporation"/>
    <property name="maven.home" value="C:\Devlopment\Workspace\AdCampaign\AdCampaign\EMBEDDED"/>
    <property name="file.separator" value="\"/>
    <property name="java.vendor.url.bug" value="http://bugreport.sun.com/bugreport/"/>
    <property name="sun.cpu.endian" value="little"/>
    <property name="sun.io.unicode.encoding" value="UnicodeLittle"/>
    <property name="sun.desktop" value="windows"/>
    <property name="sun.cpu.isalist" value="amd64"/>
  </properties>
  <testcase classname="com.eval.adcampaign.persistence.AdCampaignInMemoryFileTest" name="testFindAllAdCampaign_Empty" time="0.191"/>
  <testcase classname="com.eval.adcampaign.persistence.AdCampaignInMemoryFileTest" name="testDeleteAdCampaign" time="0"/>
  <testcase classname="com.eval.adcampaign.persistence.AdCampaignInMemoryFileTest" name="testUpdateAdCampaign" time="0"/>
  <testcase classname="com.eval.adcampaign.persistence.AdCampaignInMemoryFileTest" name="testCreate" time="0"/>
</testsuite>